Traceback (most recent call last):
  File "/Users/afoster/miniconda3/envs/functional-testing-tutorial/lib/python3.10/site-packages/jupyter_cache/executors/utils.py", line 58, in single_nb_execution
    executenb(
  File "/Users/afoster/miniconda3/envs/functional-testing-tutorial/lib/python3.10/site-packages/nbclient/client.py", line 1319, in execute
    return NotebookClient(nb=nb, resources=resources, km=km, **kwargs).execute()
  File "/Users/afoster/miniconda3/envs/functional-testing-tutorial/lib/python3.10/site-packages/jupyter_core/utils/__init__.py", line 165, in wrapped
    return loop.run_until_complete(inner)
  File "/Users/afoster/miniconda3/envs/functional-testing-tutorial/lib/python3.10/asyncio/base_events.py", line 649, in run_until_complete
    return future.result()
  File "/Users/afoster/miniconda3/envs/functional-testing-tutorial/lib/python3.10/site-packages/nbclient/client.py", line 709, in async_execute
    await self.async_execute_cell(
  File "/Users/afoster/miniconda3/envs/functional-testing-tutorial/lib/python3.10/site-packages/nbclient/client.py", line 1062, in async_execute_cell
    await self._check_raise_for_error(cell, cell_index, exec_reply)
  File "/Users/afoster/miniconda3/envs/functional-testing-tutorial/lib/python3.10/site-packages/nbclient/client.py", line 918, in _check_raise_for_error
    raise CellExecutionError.from_cell_and_msg(cell, exec_reply_content)
nbclient.exceptions.CellExecutionError: An error occurred while executing the following cell:
------------------
from fire_model.testing import initialize_from_synthetic
from fire_model import Fuel

fuels = []
for fuel_model in fuel_models:
    # TODO: set up fuel objects
------------------


[0;36m  Cell [0;32mIn[4], line 6[0;36m[0m
[0;31m    # TODO: set up fuel objects[0m
[0m                               ^[0m
[0;31mSyntaxError[0m[0;31m:[0m incomplete input


